<?xml version="1.0" encoding="UTF-8"?>
<testng-results skipped="0" failed="1" total="3" passed="2">
  <reporter-output>
  </reporter-output>
  <suite name="Default suite" duration-ms="41662" started-at="2019-12-28T06:18:34Z" finished-at="2019-12-28T06:19:16Z">
    <groups>
    </groups>
    <test name="Default test" duration-ms="41662" started-at="2019-12-28T06:18:34Z" finished-at="2019-12-28T06:19:16Z">
      <class name="com.orangeHRM.testcases.CRMProLoginPageTest">
        <test-method status="PASS" signature="setup()[pri:0, instance:com.orangeHRM.testcases.CRMProLoginPageTest@2b98378d]" name="setup" is-config="true" duration-ms="310" started-at="2019-12-28T11:48:34Z" finished-at="2019-12-28T11:48:34Z">
          <reporter-output>
          </reporter-output>
        </test-method> <!-- setup -->
        <test-method status="PASS" signature="setUp()[pri:0, instance:com.orangeHRM.testcases.CRMProLoginPageTest@2b98378d]" name="setUp" is-config="true" duration-ms="11787" started-at="2019-12-28T11:48:34Z" finished-at="2019-12-28T11:48:46Z">
          <reporter-output>
          </reporter-output>
        </test-method> <!-- setUp -->
        <test-method status="PASS" signature="validateLogo()[pri:1, instance:com.orangeHRM.testcases.CRMProLoginPageTest@2b98378d]" name="validateLogo" duration-ms="2886" started-at="2019-12-28T11:48:46Z" finished-at="2019-12-28T11:48:49Z">
          <reporter-output>
          </reporter-output>
        </test-method> <!-- validateLogo -->
        <test-method status="PASS" signature="tearDown(org.testng.ITestResult)[pri:0, instance:com.orangeHRM.testcases.CRMProLoginPageTest@2b98378d]" name="tearDown" is-config="true" duration-ms="2052" started-at="2019-12-28T11:48:51Z" finished-at="2019-12-28T11:48:53Z">
          <params>
            <param index="0">
              <value>
                <![CDATA[[TestResult name=validateLogo status=SUCCESS method=CRMProLoginPageTest.validateLogo()[pri:1, instance:com.orangeHRM.testcases.CRMProLoginPageTest@2b98378d] output={null}]]]>
              </value>
            </param>
          </params>
          <reporter-output>
          </reporter-output>
        </test-method> <!-- tearDown -->
        <test-method status="PASS" signature="setUp()[pri:0, instance:com.orangeHRM.testcases.CRMProLoginPageTest@2b98378d]" name="setUp" is-config="true" duration-ms="8625" started-at="2019-12-28T11:48:53Z" finished-at="2019-12-28T11:49:02Z">
          <reporter-output>
          </reporter-output>
        </test-method> <!-- setUp -->
        <test-method status="FAIL" signature="validateTitle()[pri:2, instance:com.orangeHRM.testcases.CRMProLoginPageTest@2b98378d]" name="validateTitle" duration-ms="25" started-at="2019-12-28T11:49:02Z" finished-at="2019-12-28T11:49:02Z">
          <exception class="java.lang.AssertionError">
            <message>
              <![CDATA[expected [CRMPRO. - CRM software for customer relationship management, sales, and support.] but found [CRMPRO - CRM software for customer relationship management, sales, and support.]]]>
            </message>
            <full-stacktrace>
              <![CDATA[java.lang.AssertionError: expected [CRMPRO. - CRM software for customer relationship management, sales, and support.] but found [CRMPRO - CRM software for customer relationship management, sales, and support.]
	at org.testng.Assert.fail(Assert.java:94)
	at org.testng.Assert.failNotEquals(Assert.java:513)
	at org.testng.Assert.assertEqualsImpl(Assert.java:135)
	at org.testng.Assert.assertEquals(Assert.java:116)
	at org.testng.Assert.assertEquals(Assert.java:190)
	at org.testng.Assert.assertEquals(Assert.java:200)
	at com.orangeHRM.testcases.CRMProLoginPageTest.validateTitle(CRMProLoginPageTest.java:65)
	at sun.reflect.NativeMethodAccessorImpl.invoke0(Native Method)
	at sun.reflect.NativeMethodAccessorImpl.invoke(NativeMethodAccessorImpl.java:62)
	at sun.reflect.DelegatingMethodAccessorImpl.invoke(DelegatingMethodAccessorImpl.java:43)
	at java.lang.reflect.Method.invoke(Method.java:498)
	at org.testng.internal.MethodInvocationHelper.invokeMethod(MethodInvocationHelper.java:86)
	at org.testng.internal.Invoker.invokeMethod(Invoker.java:643)
	at org.testng.internal.Invoker.invokeTestMethod(Invoker.java:820)
	at org.testng.internal.Invoker.invokeTestMethods(Invoker.java:1128)
	at org.testng.internal.TestMethodWorker.invokeTestMethods(TestMethodWorker.java:129)
	at org.testng.internal.TestMethodWorker.run(TestMethodWorker.java:112)
	at org.testng.TestRunner.privateRun(TestRunner.java:782)
	at org.testng.TestRunner.run(TestRunner.java:632)
	at org.testng.SuiteRunner.runTest(SuiteRunner.java:366)
	at org.testng.SuiteRunner.runSequentially(SuiteRunner.java:361)
	at org.testng.SuiteRunner.privateRun(SuiteRunner.java:319)
	at org.testng.SuiteRunner.run(SuiteRunner.java:268)
	at org.testng.SuiteRunnerWorker.runSuite(SuiteRunnerWorker.java:52)
	at org.testng.SuiteRunnerWorker.run(SuiteRunnerWorker.java:86)
	at org.testng.TestNG.runSuitesSequentially(TestNG.java:1244)
	at org.testng.TestNG.runSuitesLocally(TestNG.java:1169)
	at org.testng.TestNG.run(TestNG.java:1064)
	at org.testng.remote.AbstractRemoteTestNG.run(AbstractRemoteTestNG.java:126)
	at org.testng.remote.RemoteTestNG.initAndRun(RemoteTestNG.java:152)
	at org.testng.remote.RemoteTestNG.main(RemoteTestNG.java:57)
]]>
            </full-stacktrace>
          </exception> <!-- java.lang.AssertionError -->
          <reporter-output>
          </reporter-output>
        </test-method> <!-- validateTitle -->
        <test-method status="PASS" signature="tearDown(org.testng.ITestResult)[pri:0, instance:com.orangeHRM.testcases.CRMProLoginPageTest@2b98378d]" name="tearDown" is-config="true" duration-ms="1967" started-at="2019-12-28T11:49:02Z" finished-at="2019-12-28T11:49:04Z">
          <params>
            <param index="0">
              <value>
                <![CDATA[[TestResult name=validateTitle status=FAILURE method=CRMProLoginPageTest.validateTitle()[pri:2, instance:com.orangeHRM.testcases.CRMProLoginPageTest@2b98378d] output={null}]]]>
              </value>
            </param>
          </params>
          <reporter-output>
          </reporter-output>
        </test-method> <!-- tearDown -->
        <test-method status="PASS" signature="setUp()[pri:0, instance:com.orangeHRM.testcases.CRMProLoginPageTest@2b98378d]" name="setUp" is-config="true" duration-ms="8135" started-at="2019-12-28T11:49:04Z" finished-at="2019-12-28T11:49:12Z">
          <reporter-output>
          </reporter-output>
        </test-method> <!-- setUp -->
        <test-method status="PASS" signature="validateLogin()[pri:3, instance:com.orangeHRM.testcases.CRMProLoginPageTest@2b98378d]" name="validateLogin" duration-ms="2320" started-at="2019-12-28T11:49:12Z" finished-at="2019-12-28T11:49:15Z">
          <reporter-output>
          </reporter-output>
        </test-method> <!-- validateLogin -->
        <test-method status="PASS" signature="tearDown(org.testng.ITestResult)[pri:0, instance:com.orangeHRM.testcases.CRMProLoginPageTest@2b98378d]" name="tearDown" is-config="true" duration-ms="875" started-at="2019-12-28T11:49:15Z" finished-at="2019-12-28T11:49:16Z">
          <params>
            <param index="0">
              <value>
                <![CDATA[[TestResult name=validateLogin status=SUCCESS method=CRMProLoginPageTest.validateLogin()[pri:3, instance:com.orangeHRM.testcases.CRMProLoginPageTest@2b98378d] output={null}]]]>
              </value>
            </param>
          </params>
          <reporter-output>
          </reporter-output>
        </test-method> <!-- tearDown -->
      </class> <!-- com.orangeHRM.testcases.CRMProLoginPageTest -->
    </test> <!-- Default test -->
  </suite> <!-- Default suite -->
</testng-results>
